BLANK.BMP
CANCEL01.BMP
COMM01.BMP
CONTR01.BMP
COPY01.BMP
DIAG01.BMP
DIAG02.BMP
DIAG_C01.BMP
DIAG_E01.BMP
DIRECT.BMP
DIRECT01.BMP
DL_NOC.BMP
DL_NO.BMP
DNLOAD01.BMP
DNLOAD02.BMP
DOWNLODC.BMP
DOWNLOAD.BMP
EMU01.BMP
ERASE01.BMP
EXIT01.BMP
HOLD01.BMP
HOLD02.BMP
HOR01.BMP
HOR02.BMP
MANU01.BMP
MATYPE01.BMP
MATYPE02.BMP
MEASURE.BMP
MONIT01.BMP
MONIT_C.BMP
MONIT_E.BMP
NO_CONN1.BMP
OPEN01.BMP
PARAM01.BMP
PMAC_ONC.BMP
PMAC_ON.BMP
PMACOFFC.BMP
PMAC_OFF.BMP
PAN_MS.BMP
REDRAW.BMP
REMOVE01.BMP
RUN01.BMP
SPD_RATE.BMP
SPEED01.BMP
STOP01.BMP
TIMER.BMP
VER01.BMP
VER02.BMP
VIEW01.BMP
VIEW02.BMP
VIEW_PAN.BMP
ZOOM_IO.BMP
ZOOM_ALL.BMP
ZOOM_IO.BMP
ZOOM_W.BMP
